<?xml version="1.0" encoding="UTF-8"?>
<testng-results ignored="0" total="2" passed="2" failed="0" skipped="0">
  <reporter-output>
  </reporter-output>
  <suite started-at="2024-09-23T18:32:00 IST" name="Default suite" finished-at="2024-09-23T18:32:04 IST" duration-ms="3627">
    <groups>
    </groups>
    <test started-at="2024-09-23T18:32:00 IST" name="Default test" finished-at="2024-09-23T18:32:04 IST" duration-ms="3627">
      <class name="tests.PutPatchDelete">
        <test-method signature="Patch()[pri:0, instance:tests.PutPatchDelete@359f7cdf]" started-at="2024-09-23T18:32:00 IST" name="Patch" finished-at="2024-09-23T18:32:03 IST" duration-ms="3111" status="PASS">
          <reporter-output>
          </reporter-output>
        </test-method> <!-- Patch -->
        <test-method signature="Put()[pri:0, instance:tests.PutPatchDelete@359f7cdf]" started-at="2024-09-23T18:32:03 IST" name="Put" finished-at="2024-09-23T18:32:04 IST" duration-ms="427" status="PASS">
          <reporter-output>
          </reporter-output>
        </test-method> <!-- Put -->
      </class> <!-- tests.PutPatchDelete -->
    </test> <!-- Default test -->
  </suite> <!-- Default suite -->
</testng-results>
